[2026-03-03 19:14:27] [ERROR] Required tool not found: yt-dlp\nInstall with: pip install yt-dlp  OR  sudo pacman -S yt-dlp

Usage: yt-dlp [OPTIONS] URL [URL...]

yt-dlp: error: no such option: --http2
[2026-03-03 20:45:33] [ERROR] [user] Please enter a video or playlist URL.
[2026-03-03 21:00:51] [ERROR] Worker: all attempts failed for https://www.youtube.com/watch?v=Tlebj8VooKI&list=RDTlebj8VooKI&start_radio=1
[2026-03-03 21:00:51] [ERROR] [ytdlp] Download failed after 2 attempts.\nURL: https://www.youtube.com/watch?v=Tlebj8VooKI&list=RDTlebj8VooKI&start_radio=1
[2026-03-03 21:01:47] [ERROR] [user] Please enter a video or playlist URL.
[2026-03-03 22:38:13][ERROR] Job #1 failed after 2 attempts
[2026-03-03 22:38:13][ERROR] [ytdlp] Download failed after 2 attempts.\n\nURL: https://youtu.be/aeR2kpSr32g\nTitle: Phool Ko Aanka Ma - Ani Choying Drolma | It's My Show with Suraj Singh Thakuri
[2026-03-03 22:51:37][ERROR] Job #1 failed after 2 attempts
[2026-03-03 22:51:37][ERROR] [ytdlp] Download failed after 2 attempts.\n\nURL: https://www.youtube.com/watch?v=idFsTTlHuOs&list=RDidFsTTlHuOs&start_radio=1&rv=idFsTTlHuOs\nTitle: Kunai Arko Sansar - Neetesh Jung Kunwar [Video]
[2026-03-03 22:54:39][ERROR] Job #1 failed after 2 attempts
[2026-03-03 22:54:39][ERROR] [ytdlp] Download failed after 2 attempts.\n\nURL: https://www.youtube.com/watch?v=idFsTTlHuOs&list=RDidFsTTlHuOs&start_radio=1&rv=idFsTTlHuOs\nTitle: Kunai Arko Sansar - Neetesh Jung Kunwar [Video]
[2026-03-03 22:59:08][ERROR] Job #1 failed after 2 attempts
[2026-03-03 22:59:08][ERROR] [ytdlp] Download failed after 2 attempts.\n\nURL: https://www.youtube.com/watch?v=W3OIjQ5bkmQ\nTitle: Albatross (Full Episode) KRIPA UNPLUGGED SEASON 2
[2026-03-03 23:20:58][ERROR] Job #1 failed after 2 attempts
[2026-03-03 23:20:58][ERROR] [ytdlp] Download failed after 2 attempts.\n\nURL: https://youtu.be/aeR2kpSr32g\nTitle: Phool Ko Aanka Ma - Ani Choying Drolma | It's My Show with Suraj Singh Thakuri
[2026-03-03 23:29:52][ERROR] Job #1 failed after 2 attempts
[2026-03-03 23:29:52][ERROR] [ytdlp] Download failed after 2 attempts.\n\nURL: https://youtu.be/aeR2kpSr32g\nTitle: Phool Ko Aanka Ma - Ani Choying Drolma | It's My Show with Suraj Singh Thakuri
[2026-03-03 23:53:21][ERROR] Job #1 failed after 2 attempts
[2026-03-03 23:53:21][ERROR] [ytdlp] Download failed after 2 attempts.\n\nURL: https://www.youtube.com/watch?v=idFsTTlHuOs&list=RDidFsTTlHuOs&start_radio=1\nTitle: Kunai Arko Sansar - Neetesh Jung Kunwar [Video]
[2026-03-04 00:03:39][ERROR] Job #1 failed after 2 attempts
[2026-03-04 00:03:39][ERROR] [ytdlp] Download failed after 2 attempts.\n\nURL: https://www.youtube.com/watch?v=bJNLrJ7MUzM&list=RDbJNLrJ7MUzM&start_radio=1\nTitle: Ani Choying Drolma - Phoolko Aankhama [Official Lyrical Video]
